<?xml version="1.0" encoding="UTF-8"?>
<testsuite xmlns:xsi="http://www.w3.org/2001/XMLSchema-instance" xsi:noNamespaceSchemaLocation="https://maven.apache.org/surefire/maven-surefire-plugin/xsd/surefire-test-report-3.0.xsd" version="3.0" name="ui.socialnetwork.tests.CommentTests" time="168.266" tests="5" errors="0" skipped="0" failures="0">
  <properties>
[...]
</properties>
  <testcase name="deleteCommentUnderThePostTests" classname="ui.socialnetwork.tests.CommentTests" time="33.818">
    <system-out><![CDATA[2023-10-18 12:40:11,542 INFO  [main] Initializing WebDriver
2023-10-18 12:40:15,901 INFO  [main] Initializing WebDriver
2023-10-18 12:40:15,901 INFO  [main] Initializing WebDriver
2023-10-18 12:40:15,901 INFO  [main] Initializing WebDriver
2023-10-18 12:40:15,903 INFO  [main] Initializing WebDriver
2023-10-18 12:40:15,903 INFO  [main] Initializing WebDriver
2023-10-18 12:40:15,903 INFO  [main] Initializing WebDriver
2023-10-18 12:40:15,904 INFO  [main] Initializing WebDriver
2023-10-18 12:40:20,471 INFO  [main] Clicking on element register.page.submitButton
2023-10-18 12:40:22,587 INFO  [main] Clicking on element login.submit.button
2023-10-18 12:40:24,259 INFO  [main] Clicking on element new.post.button
2023-10-18 12:40:25,875 INFO  [main] Clicking on element choose.public.post
2023-10-18 12:40:26,028 INFO  [main] Clicking on element create.post.button
2023-10-18 12:40:28,322 INFO  [main] Clicking on element home.page.home.button
2023-10-18 12:40:29,712 INFO  [main] Clicking on element profile.personal.page.button
2023-10-18 12:40:33,012 INFO  [main] Clicking on element latest.activity.button
2023-10-18 12:40:33,782 INFO  [main] Clicking on element recently.post
2023-10-18 12:40:37,068 INFO  [main] Clicking on element create.comments.button
2023-10-18 12:40:40,707 INFO  [main] Clicking on element show.comments.button
2023-10-18 12:40:41,723 INFO  [main] Clicking on element delete.comment.button
2023-10-18 12:40:43,148 INFO  [main] Clicking on element delete.comment.drop.down.button
2023-10-18 12:40:43,281 INFO  [main] Clicking on element delete.comment.submit.button
2023-10-18 12:40:44,878 INFO  [main] Quitting WebDriver
]]></system-out>
    <system-err><![CDATA[Oct 18, 2023 12:40:13 PM org.openqa.selenium.devtools.CdpVersionFinder findNearestMatch
WARNING: Unable to find an exact match for CDP version 118, so returning the closest version found: 115
]]></system-err>
  </testcase>
  <testcase name="likeCommentUnderThePostTests" classname="ui.socialnetwork.tests.CommentTests" time="41.831">
    <system-out><![CDATA[2023-10-18 12:40:45,360 INFO  [main] Initializing WebDriver
2023-10-18 12:40:48,419 INFO  [main] Initializing WebDriver
2023-10-18 12:40:48,421 INFO  [main] Initializing WebDriver
2023-10-18 12:40:48,421 INFO  [main] Initializing WebDriver
2023-10-18 12:40:48,422 INFO  [main] Initializing WebDriver
2023-10-18 12:40:48,424 INFO  [main] Initializing WebDriver
2023-10-18 12:40:48,426 INFO  [main] Initializing WebDriver
2023-10-18 12:40:48,427 INFO  [main] Initializing WebDriver
2023-10-18 12:40:50,762 INFO  [main] Clicking on element register.page.submitButton
2023-10-18 12:40:53,013 INFO  [main] Clicking on element login.submit.button
2023-10-18 12:40:54,720 INFO  [main] Clicking on element new.post.button
2023-10-18 12:40:56,390 INFO  [main] Clicking on element choose.public.post
2023-10-18 12:40:56,576 INFO  [main] Clicking on element create.post.button
2023-10-18 12:40:58,876 INFO  [main] Clicking on element home.page.home.button
2023-10-18 12:41:00,222 INFO  [main] Clicking on element profile.personal.page.button
2023-10-18 12:41:02,670 INFO  [main] Clicking on element latest.activity.button
2023-10-18 12:41:03,388 INFO  [main] Clicking on element recently.post
2023-10-18 12:41:05,976 INFO  [main] Clicking on element create.comments.button
2023-10-18 12:41:09,421 INFO  [main] Clicking on element show.comments.button
2023-10-18 12:41:10,200 INFO  [main] Reading text from element comment.old.comment
[[ChromeDriver: chrome on windows (6055d04b8f950e323a5bae91d46e9adb)] -> xpath: //span[@class='position']]
like content:Likes: 0
2023-10-18 12:41:25,296 INFO  [main] Clicking on element like.comment.button
2023-10-18 12:41:26,611 INFO  [main] Reading text from element comment.old.comment
[[ChromeDriver: chrome on windows (6055d04b8f950e323a5bae91d46e9adb)] -> xpath: //span[@class='position']]
like content:Likes: 1
2023-10-18 12:41:26,635 INFO  [main] Quitting WebDriver
]]></system-out>
    <system-err><![CDATA[Oct 18, 2023 12:40:47 PM org.openqa.selenium.devtools.CdpVersionFinder findNearestMatch
WARNING: Unable to find an exact match for CDP version 118, so returning the closest version found: 115
]]></system-err>
  </testcase>
  <testcase name="dislikeCommentUnderThePostTests" classname="ui.socialnetwork.tests.CommentTests" time="27.934">
    <system-out><![CDATA[2023-10-18 12:41:27,192 INFO  [main] Initializing WebDriver
2023-10-18 12:41:30,300 INFO  [main] Initializing WebDriver
2023-10-18 12:41:30,301 INFO  [main] Initializing WebDriver
2023-10-18 12:41:30,302 INFO  [main] Initializing WebDriver
2023-10-18 12:41:30,304 INFO  [main] Initializing WebDriver
2023-10-18 12:41:30,304 INFO  [main] Initializing WebDriver
2023-10-18 12:41:30,308 INFO  [main] Initializing WebDriver
2023-10-18 12:41:30,309 INFO  [main] Initializing WebDriver
2023-10-18 12:41:32,646 INFO  [main] Clicking on element register.page.submitButton
2023-10-18 12:41:34,877 INFO  [main] Clicking on element login.submit.button
2023-10-18 12:41:36,614 INFO  [main] Clicking on element new.post.button
2023-10-18 12:41:38,278 INFO  [main] Clicking on element choose.public.post
2023-10-18 12:41:38,477 INFO  [main] Clicking on element create.post.button
2023-10-18 12:41:40,638 INFO  [main] Clicking on element home.page.home.button
2023-10-18 12:41:42,042 INFO  [main] Clicking on element profile.personal.page.button
2023-10-18 12:41:44,482 INFO  [main] Clicking on element latest.activity.button
2023-10-18 12:41:45,214 INFO  [main] Clicking on element recently.post
2023-10-18 12:41:47,669 INFO  [main] Clicking on element create.comments.button
2023-10-18 12:41:51,198 INFO  [main] Clicking on element show.comments.button
2023-10-18 12:41:52,135 INFO  [main] Clicking on element like.comment.button
2023-10-18 12:41:53,343 INFO  [main] Clicking on element dislike.comment.button
2023-10-18 12:41:54,620 INFO  [main] Quitting WebDriver
]]></system-out>
    <system-err><![CDATA[Oct 18, 2023 12:41:29 PM org.openqa.selenium.devtools.CdpVersionFinder findNearestMatch
WARNING: Unable to find an exact match for CDP version 118, so returning the closest version found: 115
]]></system-err>
  </testcase>
  <testcase name="editCommentUnderThePostTests" classname="ui.socialnetwork.tests.CommentTests" time="35.09">
    <system-out><![CDATA[2023-10-18 12:41:55,127 INFO  [main] Initializing WebDriver
2023-10-18 12:41:58,100 INFO  [main] Initializing WebDriver
2023-10-18 12:41:58,101 INFO  [main] Initializing WebDriver
2023-10-18 12:41:58,103 INFO  [main] Initializing WebDriver
2023-10-18 12:41:58,104 INFO  [main] Initializing WebDriver
2023-10-18 12:41:58,106 INFO  [main] Initializing WebDriver
2023-10-18 12:41:58,108 INFO  [main] Initializing WebDriver
2023-10-18 12:41:58,109 INFO  [main] Initializing WebDriver
2023-10-18 12:42:00,414 INFO  [main] Clicking on element register.page.submitButton
2023-10-18 12:42:02,776 INFO  [main] Clicking on element login.submit.button
2023-10-18 12:42:04,571 INFO  [main] Clicking on element new.post.button
2023-10-18 12:42:06,232 INFO  [main] Clicking on element choose.public.post
2023-10-18 12:42:06,415 INFO  [main] Clicking on element create.post.button
2023-10-18 12:42:08,722 INFO  [main] Clicking on element home.page.home.button
2023-10-18 12:42:10,127 INFO  [main] Clicking on element profile.personal.page.button
2023-10-18 12:42:12,515 INFO  [main] Clicking on element latest.activity.button
2023-10-18 12:42:13,283 INFO  [main] Clicking on element recently.post
2023-10-18 12:42:15,873 INFO  [main] Clicking on element create.comments.button
2023-10-18 12:42:19,401 INFO  [main] Clicking on element show.comments.button
2023-10-18 12:42:20,234 INFO  [main] Clicking on element edit.comment.button
2023-10-18 12:42:22,012 INFO  [main] Clicking on element edit.comment.submit
2023-10-18 12:42:25,863 INFO  [main] Clicking on element show.comments.button
2023-10-18 12:42:29,581 INFO  [main] Reading text from element comment.time.created
[[ChromeDriver: chrome on windows (dd493001e47b822f9de3ec8eea846acf)] -> xpath: //div[@class='meta']]
2023-10-18 12:42:29,625 INFO  [main] Quitting WebDriver
]]></system-out>
    <system-err><![CDATA[Oct 18, 2023 12:41:57 PM org.openqa.selenium.devtools.CdpVersionFinder findNearestMatch
WARNING: Unable to find an exact match for CDP version 118, so returning the closest version found: 115
]]></system-err>
  </testcase>
  <testcase name="createCommentUnderThePostTests" classname="ui.socialnetwork.tests.CommentTests" time="29.587">
    <system-out><![CDATA[2023-10-18 12:42:30,217 INFO  [main] Initializing WebDriver
2023-10-18 12:42:34,038 INFO  [main] Initializing WebDriver
2023-10-18 12:42:34,039 INFO  [main] Initializing WebDriver
2023-10-18 12:42:34,039 INFO  [main] Initializing WebDriver
2023-10-18 12:42:34,039 INFO  [main] Initializing WebDriver
2023-10-18 12:42:34,039 INFO  [main] Initializing WebDriver
2023-10-18 12:42:34,039 INFO  [main] Initializing WebDriver
2023-10-18 12:42:34,040 INFO  [main] Initializing WebDriver
2023-10-18 12:42:36,081 INFO  [main] Clicking on element register.page.submitButton
2023-10-18 12:42:38,437 INFO  [main] Clicking on element login.submit.button
2023-10-18 12:42:40,151 INFO  [main] Clicking on element new.post.button
2023-10-18 12:42:41,825 INFO  [main] Clicking on element choose.public.post
2023-10-18 12:42:42,034 INFO  [main] Clicking on element create.post.button
2023-10-18 12:42:44,269 INFO  [main] Clicking on element home.page.home.button
2023-10-18 12:42:45,694 INFO  [main] Clicking on element profile.personal.page.button
2023-10-18 12:42:48,077 INFO  [main] Clicking on element latest.activity.button
2023-10-18 12:42:48,876 INFO  [main] Clicking on element recently.post
2023-10-18 12:42:51,460 INFO  [main] Clicking on element create.comments.button
2023-10-18 12:42:54,987 INFO  [main] Clicking on element show.comments.button
2023-10-18 12:42:58,758 INFO  [main] Reading text from element comment.time.created
[[ChromeDriver: chrome on windows (b652380f3a82b936ed138abb991e20ed)] -> xpath: //div[@class='meta']]
2023-10-18 12:42:58,891 INFO  [main] Quitting WebDriver
]]></system-out>
    <system-err><![CDATA[Oct 18, 2023 12:42:32 PM org.openqa.selenium.devtools.CdpVersionFinder findNearestMatch
WARNING: Unable to find an exact match for CDP version 118, so returning the closest version found: 115
]]></system-err>
  </testcase>
</testsuite>