<?xml version="1.0" encoding="UTF-8"?>
<testsuite xmlns:xsi="http://www.w3.org/2001/XMLSchema-instance" xsi:noNamespaceSchemaLocation="https://maven.apache.org/surefire/maven-surefire-plugin/xsd/surefire-test-report-3.0.xsd" version="3.0" name="ui.socialnetwork.tests.PostTests" time="354.6" tests="7" errors="2" skipped="0" failures="0">
  <properties>
[...]
</properties>
  <testcase name="anonymousUserCannotSeePrivatePostsTest" classname="ui.socialnetwork.tests.PostTests" time="120.872">
    <system-out><![CDATA[2023-10-18 12:50:56,273 INFO  [main] Initializing WebDriver
2023-10-18 12:51:00,002 INFO  [main] Initializing WebDriver
2023-10-18 12:51:00,003 INFO  [main] Initializing WebDriver
2023-10-18 12:51:00,003 INFO  [main] Initializing WebDriver
2023-10-18 12:51:00,003 INFO  [main] Initializing WebDriver
2023-10-18 12:51:00,003 INFO  [main] Initializing WebDriver
2023-10-18 12:51:00,003 INFO  [main] Initializing WebDriver
2023-10-18 12:51:00,003 INFO  [main] Initializing WebDriver
2023-10-18 12:51:02,072 INFO  [main] Clicking on element register.page.submitButton
2023-10-18 12:51:04,287 INFO  [main] Clicking on element login.submit.button
2023-10-18 12:51:06,181 INFO  [main] Clicking on element new.post.button
2023-10-18 12:51:07,795 INFO  [main] Clicking on element choose.private.post
2023-10-18 12:51:08,002 INFO  [main] Clicking on element create.post.button
2023-10-18 12:51:10,252 INFO  [main] Clicking on element home.page.home.button
2023-10-18 12:51:11,698 INFO  [main] Clicking on element logout.button
2023-10-18 12:51:12,296 INFO  [main] Clicking on element home.page.latest.post.button
2023-10-18 12:52:56,551 INFO  [main] Quitting WebDriver
]]></system-out>
    <system-err><![CDATA[Oct 18, 2023 12:50:58 PM org.openqa.selenium.devtools.CdpVersionFinder findNearestMatch
WARNING: Unable to find an exact match for CDP version 118, so returning the closest version found: 115
]]></system-err>
  </testcase>
  <testcase name="deletePostTest" classname="ui.socialnetwork.tests.PostTests" time="28.199">
    <system-out><![CDATA[2023-10-18 12:52:57,153 INFO  [main] Initializing WebDriver
2023-10-18 12:53:02,191 INFO  [main] Initializing WebDriver
2023-10-18 12:53:02,191 INFO  [main] Initializing WebDriver
2023-10-18 12:53:02,191 INFO  [main] Initializing WebDriver
2023-10-18 12:53:02,191 INFO  [main] Initializing WebDriver
2023-10-18 12:53:02,191 INFO  [main] Initializing WebDriver
2023-10-18 12:53:02,191 INFO  [main] Initializing WebDriver
2023-10-18 12:53:02,191 INFO  [main] Initializing WebDriver
2023-10-18 12:53:04,616 INFO  [main] Clicking on element register.page.submitButton
2023-10-18 12:53:08,528 INFO  [main] Clicking on element login.submit.button
2023-10-18 12:53:10,334 INFO  [main] Clicking on element new.post.button
2023-10-18 12:53:11,956 INFO  [main] Clicking on element choose.public.post
2023-10-18 12:53:12,146 INFO  [main] Clicking on element create.post.button
2023-10-18 12:53:14,439 INFO  [main] Clicking on element home.page.home.button
2023-10-18 12:53:15,856 INFO  [main] Clicking on element profile.personal.page.button
2023-10-18 12:53:18,318 INFO  [main] Clicking on element latest.activity.button
2023-10-18 12:53:19,049 INFO  [main] Clicking on element recently.post
2023-10-18 12:53:21,265 INFO  [main] Clicking on element delete.post.button
2023-10-18 12:53:23,019 INFO  [main] Clicking on element delete.drop.down.button
2023-10-18 12:53:23,162 INFO  [main] Clicking on element delete.submit.button
2023-10-18 12:53:24,886 INFO  [main] Quitting WebDriver
]]></system-out>
    <system-err><![CDATA[Oct 18, 2023 12:53:00 PM org.openqa.selenium.devtools.CdpVersionFinder findNearestMatch
WARNING: Unable to find an exact match for CDP version 118, so returning the closest version found: 115
]]></system-err>
  </testcase>
  <testcase name="dislikePostWhenClickLikeButtonTest" classname="ui.socialnetwork.tests.PostTests" time="2.063">
    <error message="no such execution context&#10;  (Session info: chrome=118.0.5993.71)&#10;Build info: version: &apos;4.11.0&apos;, revision: &apos;040bc5406b&apos;&#10;System info: os.name: &apos;Windows 10&apos;, os.arch: &apos;amd64&apos;, os.version: &apos;10.0&apos;, java.version: &apos;11.0.17&apos;&#10;Driver info: org.openqa.selenium.chrome.ChromeDriver&#10;Command: [64cc47d784621e6a0a61f04ee3f2890f, maximizeCurrentWindow {}]&#10;Capabilities {acceptInsecureCerts: false, browserName: chrome, browserVersion: 118.0.5993.71, chrome: {chromedriverVersion: 118.0.5993.70 (e52f33f30b91..., userDataDir: C:\Users\xstan\AppData\Loca...}, fedcm:accounts: true, goog:chromeOptions: {debuggerAddress: localhost:58152}, networkConnectionEnabled: false, pageLoadStrategy: normal, platformName: windows, proxy: Proxy(), se:cdp: ws://localhost:58152/devtoo..., se:cdpVersion: 118.0.5993.71, setWindowRect: true, strictFileInteractability: false, timeouts: {implicit: 0, pageLoad: 300000, script: 30000}, unhandledPromptBehavior: dismiss and notify, webauthn:extension:credBlob: true, webauthn:extension:largeBlob: true, webauthn:extension:minPinLength: true, webauthn:extension:prf: true, webauthn:virtualAuthenticators: true}&#10;Session ID: 64cc47d784621e6a0a61f04ee3f2890f" type="org.openqa.selenium.WebDriverException"><![CDATA[org.openqa.selenium.WebDriverException: 
no such execution context
  (Session info: chrome=118.0.5993.71)
Build info: version: '4.11.0', revision: '040bc5406b'
System info: os.name: 'Windows 10', os.arch: 'amd64', os.version: '10.0', java.version: '11.0.17'
Driver info: org.openqa.selenium.chrome.ChromeDriver
Command: [64cc47d784621e6a0a61f04ee3f2890f, maximizeCurrentWindow {}]
Capabilities {acceptInsecureCerts: false, browserName: chrome, browserVersion: 118.0.5993.71, chrome: {chromedriverVersion: 118.0.5993.70 (e52f33f30b91..., userDataDir: C:\Users\xstan\AppData\Loca...}, fedcm:accounts: true, goog:chromeOptions: {debuggerAddress: localhost:58152}, networkConnectionEnabled: false, pageLoadStrategy: normal, platformName: windows, proxy: Proxy(), se:cdp: ws://localhost:58152/devtoo..., se:cdpVersion: 118.0.5993.71, setWindowRect: true, strictFileInteractability: false, timeouts: {implicit: 0, pageLoad: 300000, script: 30000}, unhandledPromptBehavior: dismiss and notify, webauthn:extension:credBlob: true, webauthn:extension:largeBlob: true, webauthn:extension:minPinLength: true, webauthn:extension:prf: true, webauthn:virtualAuthenticators: true}
Session ID: 64cc47d784621e6a0a61f04ee3f2890f
	at java.base/java.lang.reflect.Constructor.newInstance(Constructor.java:490)
	at org.openqa.selenium.remote.codec.w3c.W3CHttpResponseCodec.createException(W3CHttpResponseCodec.java:200)
	at org.openqa.selenium.remote.codec.w3c.W3CHttpResponseCodec.decode(W3CHttpResponseCodec.java:133)
	at org.openqa.selenium.remote.codec.w3c.W3CHttpResponseCodec.decode(W3CHttpResponseCodec.java:52)
	at org.openqa.selenium.remote.HttpCommandExecutor.execute(HttpCommandExecutor.java:191)
	at org.openqa.selenium.remote.service.DriverCommandExecutor.invokeExecute(DriverCommandExecutor.java:196)
	at org.openqa.selenium.remote.service.DriverCommandExecutor.execute(DriverCommandExecutor.java:171)
	at org.openqa.selenium.remote.RemoteWebDriver.execute(RemoteWebDriver.java:518)
	at org.openqa.selenium.remote.RemoteWebDriver.execute(RemoteWebDriver.java:591)
	at org.openqa.selenium.remote.RemoteWebDriver.execute(RemoteWebDriver.java:595)
	at org.openqa.selenium.remote.RemoteWebDriver$RemoteWebDriverOptions$RemoteWindow.maximize(RemoteWebDriver.java:978)
	at com.telerikacademy.testframework.CustomWebDriverManager$CustomWebDriverManagerEnum.setupBrowser(CustomWebDriverManager.java:45)
	at com.telerikacademy.testframework.CustomWebDriverManager$CustomWebDriverManagerEnum.getDriver(CustomWebDriverManager.java:23)
	at com.telerikacademy.testframework.Utils.getWebDriver(Utils.java:26)
	at com.telerikacademy.testframework.UserActions.loadBrowser(UserActions.java:29)
	at ui.socialnetwork.base.BaseTestSetup.setUp(BaseTestSetup.java:24)
	at java.base/java.lang.reflect.Method.invoke(Method.java:566)
	at java.base/java.util.ArrayList.forEach(ArrayList.java:1541)
	at java.base/java.util.ArrayList.forEach(ArrayList.java:1541)
]]></error>
    <system-out><![CDATA[2023-10-18 12:53:25,352 INFO  [main] Initializing WebDriver
2023-10-18 12:53:27,414 INFO  [main] Quitting WebDriver
]]></system-out>
    <system-err><![CDATA[Oct 18, 2023 12:53:27 PM org.openqa.selenium.devtools.CdpVersionFinder findNearestMatch
WARNING: Unable to find an exact match for CDP version 118, so returning the closest version found: 115
]]></system-err>
  </testcase>
  <testcase name="editPostTest" classname="ui.socialnetwork.tests.PostTests" time="2.208">
    <error message="no such execution context&#10;  (Session info: chrome=118.0.5993.71)&#10;Build info: version: &apos;4.11.0&apos;, revision: &apos;040bc5406b&apos;&#10;System info: os.name: &apos;Windows 10&apos;, os.arch: &apos;amd64&apos;, os.version: &apos;10.0&apos;, java.version: &apos;11.0.17&apos;&#10;Driver info: org.openqa.selenium.chrome.ChromeDriver&#10;Command: [604bafc2c83115871d94a7d5ed6e2bac, maximizeCurrentWindow {}]&#10;Capabilities {acceptInsecureCerts: false, browserName: chrome, browserVersion: 118.0.5993.71, chrome: {chromedriverVersion: 118.0.5993.70 (e52f33f30b91..., userDataDir: C:\Users\xstan\AppData\Loca...}, fedcm:accounts: true, goog:chromeOptions: {debuggerAddress: localhost:58174}, networkConnectionEnabled: false, pageLoadStrategy: normal, platformName: windows, proxy: Proxy(), se:cdp: ws://localhost:58174/devtoo..., se:cdpVersion: 118.0.5993.71, setWindowRect: true, strictFileInteractability: false, timeouts: {implicit: 0, pageLoad: 300000, script: 30000}, unhandledPromptBehavior: dismiss and notify, webauthn:extension:credBlob: true, webauthn:extension:largeBlob: true, webauthn:extension:minPinLength: true, webauthn:extension:prf: true, webauthn:virtualAuthenticators: true}&#10;Session ID: 604bafc2c83115871d94a7d5ed6e2bac" type="org.openqa.selenium.WebDriverException"><![CDATA[org.openqa.selenium.WebDriverException: 
no such execution context
  (Session info: chrome=118.0.5993.71)
Build info: version: '4.11.0', revision: '040bc5406b'
System info: os.name: 'Windows 10', os.arch: 'amd64', os.version: '10.0', java.version: '11.0.17'
Driver info: org.openqa.selenium.chrome.ChromeDriver
Command: [604bafc2c83115871d94a7d5ed6e2bac, maximizeCurrentWindow {}]
Capabilities {acceptInsecureCerts: false, browserName: chrome, browserVersion: 118.0.5993.71, chrome: {chromedriverVersion: 118.0.5993.70 (e52f33f30b91..., userDataDir: C:\Users\xstan\AppData\Loca...}, fedcm:accounts: true, goog:chromeOptions: {debuggerAddress: localhost:58174}, networkConnectionEnabled: false, pageLoadStrategy: normal, platformName: windows, proxy: Proxy(), se:cdp: ws://localhost:58174/devtoo..., se:cdpVersion: 118.0.5993.71, setWindowRect: true, strictFileInteractability: false, timeouts: {implicit: 0, pageLoad: 300000, script: 30000}, unhandledPromptBehavior: dismiss and notify, webauthn:extension:credBlob: true, webauthn:extension:largeBlob: true, webauthn:extension:minPinLength: true, webauthn:extension:prf: true, webauthn:virtualAuthenticators: true}
Session ID: 604bafc2c83115871d94a7d5ed6e2bac
	at java.base/java.lang.reflect.Constructor.newInstance(Constructor.java:490)
	at org.openqa.selenium.remote.codec.w3c.W3CHttpResponseCodec.createException(W3CHttpResponseCodec.java:200)
	at org.openqa.selenium.remote.codec.w3c.W3CHttpResponseCodec.decode(W3CHttpResponseCodec.java:133)
	at org.openqa.selenium.remote.codec.w3c.W3CHttpResponseCodec.decode(W3CHttpResponseCodec.java:52)
	at org.openqa.selenium.remote.HttpCommandExecutor.execute(HttpCommandExecutor.java:191)
	at org.openqa.selenium.remote.service.DriverCommandExecutor.invokeExecute(DriverCommandExecutor.java:196)
	at org.openqa.selenium.remote.service.DriverCommandExecutor.execute(DriverCommandExecutor.java:171)
	at org.openqa.selenium.remote.RemoteWebDriver.execute(RemoteWebDriver.java:518)
	at org.openqa.selenium.remote.RemoteWebDriver.execute(RemoteWebDriver.java:591)
	at org.openqa.selenium.remote.RemoteWebDriver.execute(RemoteWebDriver.java:595)
	at org.openqa.selenium.remote.RemoteWebDriver$RemoteWebDriverOptions$RemoteWindow.maximize(RemoteWebDriver.java:978)
	at com.telerikacademy.testframework.CustomWebDriverManager$CustomWebDriverManagerEnum.setupBrowser(CustomWebDriverManager.java:45)
	at com.telerikacademy.testframework.CustomWebDriverManager$CustomWebDriverManagerEnum.getDriver(CustomWebDriverManager.java:23)
	at com.telerikacademy.testframework.Utils.getWebDriver(Utils.java:26)
	at com.telerikacademy.testframework.UserActions.loadBrowser(UserActions.java:29)
	at ui.socialnetwork.base.BaseTestSetup.setUp(BaseTestSetup.java:24)
	at java.base/java.lang.reflect.Method.invoke(Method.java:566)
	at java.base/java.util.ArrayList.forEach(ArrayList.java:1541)
	at java.base/java.util.ArrayList.forEach(ArrayList.java:1541)
]]></error>
    <system-out><![CDATA[2023-10-18 12:53:27,420 INFO  [main] Initializing WebDriver
2023-10-18 12:53:29,624 INFO  [main] Quitting WebDriver
]]></system-out>
    <system-err><![CDATA[Oct 18, 2023 12:53:29 PM org.openqa.selenium.devtools.CdpVersionFinder findNearestMatch
WARNING: Unable to find an exact match for CDP version 118, so returning the closest version found: 115
]]></system-err>
  </testcase>
  <testcase name="createPublicPostTest" classname="ui.socialnetwork.tests.PostTests" time="24.204">
    <system-out><![CDATA[2023-10-18 12:53:29,628 INFO  [main] Initializing WebDriver
2023-10-18 12:53:33,623 INFO  [main] Initializing WebDriver
2023-10-18 12:53:33,623 INFO  [main] Initializing WebDriver
2023-10-18 12:53:33,623 INFO  [main] Initializing WebDriver
2023-10-18 12:53:33,623 INFO  [main] Initializing WebDriver
2023-10-18 12:53:33,623 INFO  [main] Initializing WebDriver
2023-10-18 12:53:33,623 INFO  [main] Initializing WebDriver
2023-10-18 12:53:33,623 INFO  [main] Initializing WebDriver
2023-10-18 12:53:35,956 INFO  [main] Clicking on element register.page.submitButton
2023-10-18 12:53:38,387 INFO  [main] Clicking on element login.submit.button
2023-10-18 12:53:40,360 INFO  [main] Clicking on element new.post.button
2023-10-18 12:53:42,445 INFO  [main] Clicking on element choose.public.post
2023-10-18 12:53:42,736 INFO  [main] Clicking on element create.post.button
2023-10-18 12:53:48,724 INFO  [main] Reading text from element posts.time.created
[[ChromeDriver: chrome on windows (5b0f65a54e0069e9a8676edc61a0df90)] -> xpath: //span[@class='seen']]
2023-10-18 12:53:48,840 INFO  [main] Quitting WebDriver
]]></system-out>
    <system-err><![CDATA[Oct 18, 2023 12:53:31 PM org.openqa.selenium.devtools.CdpVersionFinder findNearestMatch
WARNING: Unable to find an exact match for CDP version 118, so returning the closest version found: 115
]]></system-err>
  </testcase>
  <testcase name="createPrivatePostTest" classname="ui.socialnetwork.tests.PostTests" time="20.993">
    <system-out><![CDATA[2023-10-18 12:53:53,832 INFO  [main] Initializing WebDriver
2023-10-18 12:53:59,974 INFO  [main] Initializing WebDriver
2023-10-18 12:53:59,975 INFO  [main] Initializing WebDriver
2023-10-18 12:53:59,975 INFO  [main] Initializing WebDriver
2023-10-18 12:53:59,976 INFO  [main] Initializing WebDriver
2023-10-18 12:53:59,976 INFO  [main] Initializing WebDriver
2023-10-18 12:53:59,976 INFO  [main] Initializing WebDriver
2023-10-18 12:53:59,976 INFO  [main] Initializing WebDriver
2023-10-18 12:54:02,477 INFO  [main] Clicking on element register.page.submitButton
2023-10-18 12:54:04,927 INFO  [main] Clicking on element login.submit.button
2023-10-18 12:54:06,797 INFO  [main] Clicking on element new.post.button
2023-10-18 12:54:08,459 INFO  [main] Clicking on element choose.private.post
2023-10-18 12:54:08,676 INFO  [main] Clicking on element create.post.button
2023-10-18 12:54:14,032 INFO  [main] Reading text from element posts.time.created
[[ChromeDriver: chrome on windows (fe0d8682ee386c47a2232562f7bcb113)] -> xpath: //span[@class='seen']]
2023-10-18 12:54:14,116 INFO  [main] Quitting WebDriver
]]></system-out>
    <system-err><![CDATA[Oct 18, 2023 12:53:57 PM org.openqa.selenium.devtools.CdpVersionFinder findNearestMatch
WARNING: Unable to find an exact match for CDP version 118, so returning the closest version found: 115
]]></system-err>
  </testcase>
  <testcase name="likePostWhenClickLikeButtonTest" classname="ui.socialnetwork.tests.PostTests" time="156.038">
    <system-out><![CDATA[2023-10-18 12:54:14,827 INFO  [main] Initializing WebDriver
2023-10-18 12:54:17,981 INFO  [main] Initializing WebDriver
2023-10-18 12:54:17,981 INFO  [main] Initializing WebDriver
2023-10-18 12:54:17,982 INFO  [main] Initializing WebDriver
2023-10-18 12:54:17,982 INFO  [main] Initializing WebDriver
2023-10-18 12:54:17,982 INFO  [main] Initializing WebDriver
2023-10-18 12:54:17,982 INFO  [main] Initializing WebDriver
2023-10-18 12:54:17,983 INFO  [main] Initializing WebDriver
2023-10-18 12:54:20,474 INFO  [main] Clicking on element register.page.submitButton
2023-10-18 12:54:23,041 INFO  [main] Clicking on element login.submit.button
2023-10-18 12:54:24,955 INFO  [main] Clicking on element new.post.button
2023-10-18 12:54:26,685 INFO  [main] Clicking on element choose.public.post
2023-10-18 12:54:26,868 INFO  [main] Clicking on element create.post.button
2023-10-18 12:54:29,583 INFO  [main] Clicking on element home.page.home.button
2023-10-18 12:54:31,020 INFO  [main] Clicking on element home.page.latest.post.button
2023-10-18 12:56:47,638 INFO  [main] Clicking on element post.like.button
2023-10-18 12:56:50,221 INFO  [main] Quitting WebDriver
]]></system-out>
    <system-err><![CDATA[Oct 18, 2023 12:54:16 PM org.openqa.selenium.devtools.CdpVersionFinder findNearestMatch
WARNING: Unable to find an exact match for CDP version 118, so returning the closest version found: 115
]]></system-err>
  </testcase>
</testsuite>