<?xml version="1.0" encoding="UTF-8"?>
<testsuite xmlns:xsi="http://www.w3.org/2001/XMLSchema-instance" xsi:noNamespaceSchemaLocation="https://maven.apache.org/surefire/maven-surefire-plugin/xsd/surefire-test-report-3.0.xsd" version="3.0" name="ui.socialnetwork.tests.HomePageTests" time="187.421" tests="9" errors="1" skipped="0" failures="1">
  <properties>
[...]
</properties>
  <testcase name="anonymousUserSearchAllUsersWhenSearchButtonClickedTest" classname="ui.socialnetwork.tests.HomePageTests" time="9.708">
    <system-out><![CDATA[2023-10-18 12:45:22,883 INFO  [main] Initializing WebDriver
2023-10-18 12:45:28,433 INFO  [main] Initializing WebDriver
2023-10-18 12:45:28,433 INFO  [main] Initializing WebDriver
2023-10-18 12:45:28,433 INFO  [main] Initializing WebDriver
2023-10-18 12:45:28,434 INFO  [main] Initializing WebDriver
2023-10-18 12:45:28,434 INFO  [main] Initializing WebDriver
2023-10-18 12:45:28,434 INFO  [main] Initializing WebDriver
2023-10-18 12:45:28,434 INFO  [main] Initializing WebDriver
2023-10-18 12:45:28,897 INFO  [main] Clicking on element user.search.button
2023-10-18 12:45:31,709 INFO  [main] Quitting WebDriver
]]></system-out>
    <system-err><![CDATA[Oct 18, 2023 12:45:24 PM org.openqa.selenium.devtools.CdpVersionFinder findNearestMatch
WARNING: Unable to find an exact match for CDP version 118, so returning the closest version found: 115
]]></system-err>
  </testcase>
  <testcase name="anonymousUserAboutUsInformationDisplayedWhenAboutUsButtonClickedTest" classname="ui.socialnetwork.tests.HomePageTests" time="5.625">
    <system-out><![CDATA[2023-10-18 12:45:32,591 INFO  [main] Initializing WebDriver
2023-10-18 12:45:36,638 INFO  [main] Initializing WebDriver
2023-10-18 12:45:36,638 INFO  [main] Initializing WebDriver
2023-10-18 12:45:36,638 INFO  [main] Initializing WebDriver
2023-10-18 12:45:36,638 INFO  [main] Initializing WebDriver
2023-10-18 12:45:36,638 INFO  [main] Initializing WebDriver
2023-10-18 12:45:36,638 INFO  [main] Initializing WebDriver
2023-10-18 12:45:36,639 INFO  [main] Initializing WebDriver
2023-10-18 12:45:36,711 INFO  [main] Clicking on element home.page.about.us
2023-10-18 12:45:37,619 INFO  [main] Quitting WebDriver
]]></system-out>
    <system-err><![CDATA[Oct 18, 2023 12:45:34 PM org.openqa.selenium.devtools.CdpVersionFinder findNearestMatch
WARNING: Unable to find an exact match for CDP version 118, so returning the closest version found: 115
]]></system-err>
  </testcase>
  <testcase name="anonymousUserSearchUserByKnownUsernameTest" classname="ui.socialnetwork.tests.HomePageTests" time="14.886">
    <error message="no such element: Unable to locate element: {&quot;method&quot;:&quot;xpath&quot;,&quot;selector&quot;:&quot;//h2[text()=&apos;%s&apos;]&quot;}&#10;  (Session info: chrome=118.0.5993.71)&#10;For documentation on this error, please visit: https://www.selenium.dev/documentation/webdriver/troubleshooting/errors#no-such-element-exception&#10;Build info: version: &apos;4.11.0&apos;, revision: &apos;040bc5406b&apos;&#10;System info: os.name: &apos;Windows 10&apos;, os.arch: &apos;amd64&apos;, os.version: &apos;10.0&apos;, java.version: &apos;11.0.17&apos;&#10;Driver info: org.openqa.selenium.chrome.ChromeDriver&#10;Command: [176fdbc26d791735cab1708b5783c9d6, findElement {using=xpath, value=//h2[text()=&apos;%s&apos;]}]&#10;Capabilities {acceptInsecureCerts: false, browserName: chrome, browserVersion: 118.0.5993.71, chrome: {chromedriverVersion: 118.0.5993.70 (e52f33f30b91..., userDataDir: C:\Users\xstan\AppData\Loca...}, fedcm:accounts: true, goog:chromeOptions: {debuggerAddress: localhost:62306}, networkConnectionEnabled: false, pageLoadStrategy: normal, platformName: windows, proxy: Proxy(), se:cdp: ws://localhost:62306/devtoo..., se:cdpVersion: 118.0.5993.71, setWindowRect: true, strictFileInteractability: false, timeouts: {implicit: 0, pageLoad: 300000, script: 30000}, unhandledPromptBehavior: dismiss and notify, webauthn:extension:credBlob: true, webauthn:extension:largeBlob: true, webauthn:extension:minPinLength: true, webauthn:extension:prf: true, webauthn:virtualAuthenticators: true}&#10;Session ID: 176fdbc26d791735cab1708b5783c9d6" type="org.openqa.selenium.NoSuchElementException"><![CDATA[org.openqa.selenium.NoSuchElementException: 
no such element: Unable to locate element: {"method":"xpath","selector":"//h2[text()='%s']"}
  (Session info: chrome=118.0.5993.71)
For documentation on this error, please visit: https://www.selenium.dev/documentation/webdriver/troubleshooting/errors#no-such-element-exception
Build info: version: '4.11.0', revision: '040bc5406b'
System info: os.name: 'Windows 10', os.arch: 'amd64', os.version: '10.0', java.version: '11.0.17'
Driver info: org.openqa.selenium.chrome.ChromeDriver
Command: [176fdbc26d791735cab1708b5783c9d6, findElement {using=xpath, value=//h2[text()='%s']}]
Capabilities {acceptInsecureCerts: false, browserName: chrome, browserVersion: 118.0.5993.71, chrome: {chromedriverVersion: 118.0.5993.70 (e52f33f30b91..., userDataDir: C:\Users\xstan\AppData\Loca...}, fedcm:accounts: true, goog:chromeOptions: {debuggerAddress: localhost:62306}, networkConnectionEnabled: false, pageLoadStrategy: normal, platformName: windows, proxy: Proxy(), se:cdp: ws://localhost:62306/devtoo..., se:cdpVersion: 118.0.5993.71, setWindowRect: true, strictFileInteractability: false, timeouts: {implicit: 0, pageLoad: 300000, script: 30000}, unhandledPromptBehavior: dismiss and notify, webauthn:extension:credBlob: true, webauthn:extension:largeBlob: true, webauthn:extension:minPinLength: true, webauthn:extension:prf: true, webauthn:virtualAuthenticators: true}
Session ID: 176fdbc26d791735cab1708b5783c9d6
	at jdk.internal.reflect.GeneratedConstructorAccessor39.newInstance(Unknown Source)
	at java.base/jdk.internal.reflect.DelegatingConstructorAccessorImpl.newInstance(DelegatingConstructorAccessorImpl.java:45)
	at java.base/java.lang.reflect.Constructor.newInstance(Constructor.java:490)
	at org.openqa.selenium.remote.codec.w3c.W3CHttpResponseCodec.createException(W3CHttpResponseCodec.java:200)
	at org.openqa.selenium.remote.codec.w3c.W3CHttpResponseCodec.decode(W3CHttpResponseCodec.java:133)
	at org.openqa.selenium.remote.codec.w3c.W3CHttpResponseCodec.decode(W3CHttpResponseCodec.java:52)
	at org.openqa.selenium.remote.HttpCommandExecutor.execute(HttpCommandExecutor.java:191)
	at org.openqa.selenium.remote.service.DriverCommandExecutor.invokeExecute(DriverCommandExecutor.java:196)
	at org.openqa.selenium.remote.service.DriverCommandExecutor.execute(DriverCommandExecutor.java:171)
	at org.openqa.selenium.remote.RemoteWebDriver.execute(RemoteWebDriver.java:518)
	at org.openqa.selenium.remote.ElementLocation$ElementFinder$2.findElement(ElementLocation.java:165)
	at org.openqa.selenium.remote.ElementLocation.findElement(ElementLocation.java:59)
	at org.openqa.selenium.remote.RemoteWebDriver.findElement(RemoteWebDriver.java:355)
	at org.openqa.selenium.remote.RemoteWebDriver.findElement(RemoteWebDriver.java:349)
	at com.telerikacademy.testframework.UserActions.assertElementPresent(UserActions.java:195)
	at pages.wearesocialnetwork.HomePage.validateSearchUserByKnownUsername(HomePage.java:144)
	at ui.socialnetwork.tests.HomePageTests.anonymousUserSearchUserByKnownUsernameTest(HomePageTests.java:79)
	at java.base/java.lang.reflect.Method.invoke(Method.java:566)
	at java.base/java.util.ArrayList.forEach(ArrayList.java:1541)
	at java.base/java.util.ArrayList.forEach(ArrayList.java:1541)
]]></error>
    <system-out><![CDATA[2023-10-18 12:45:38,216 INFO  [main] Initializing WebDriver
2023-10-18 12:45:43,108 INFO  [main] Initializing WebDriver
2023-10-18 12:45:43,108 INFO  [main] Initializing WebDriver
2023-10-18 12:45:43,109 INFO  [main] Initializing WebDriver
2023-10-18 12:45:43,110 INFO  [main] Initializing WebDriver
2023-10-18 12:45:43,110 INFO  [main] Initializing WebDriver
2023-10-18 12:45:43,111 INFO  [main] Initializing WebDriver
2023-10-18 12:45:43,111 INFO  [main] Initializing WebDriver
UserMaIV
Request method:	POST
Request URI:	http://localhost:8081/api/users/
Proxy:			<none>
Request params:	<none>
Query params:	<none>
Form params:	<none>
Path params:	<none>
Headers:		Accept=*/*
				Content-Type=application/json
Cookies:		<none>
Multiparts:		<none>
Body:
{
    "category": {
        "id": 100,
        "name": "All"
    },
    "confirmPassword": "Passwordbnttdskhhg",
    "email": "uxqcdpsxvj@example.com",
    "password": "Passwordbnttdskhhg",
    "username": "Usernameenyezlwvqa"
}
Request method:	POST
Request URI:	http://localhost:8081/api/users/auth/3513/personal?name=UserMaIV
Proxy:			<none>
Request params:	<none>
Query params:	name=UserMaIV
Form params:	<none>
Path params:	<none>
Headers:		Accept=*/*
				Content-Type=application/json
Cookies:		JSESSIONID=1987A6BD6EE98F3B066969EE478499BB
Multiparts:		<none>
Body:
{
    "id": 3513,
    "username": "Usernameenyezlwvqa",
    "email": "uxqcdpsxvj@example.com",
    "firstName": "UserMaIV",
    "lastName": "randomLastName",
    "sex": "MALE",
    "birthYear": "1999-09-09",
    "personalReview": "randomPhrase",
    "location": {
        "city": {
            "id": 24,
            "city": "Mantemouth",
            "country": {
                
            }
        }
    }
}
2023-10-18 12:45:51,239 INFO  [main] Clicking on element user.search.button
2023-10-18 12:45:52,359 INFO  [main] Quitting WebDriver
]]></system-out>
    <system-err><![CDATA[Oct 18, 2023 12:45:40 PM org.openqa.selenium.devtools.CdpVersionFinder findNearestMatch
WARNING: Unable to find an exact match for CDP version 118, so returning the closest version found: 115
]]></system-err>
  </testcase>
  <testcase name="anonymousUserLoginFormDisplayWhenSignInButtonClickedTest" classname="ui.socialnetwork.tests.HomePageTests" time="5.955">
    <system-out><![CDATA[2023-10-18 12:45:53,107 INFO  [main] Initializing WebDriver
2023-10-18 12:45:57,605 INFO  [main] Initializing WebDriver
2023-10-18 12:45:57,606 INFO  [main] Initializing WebDriver
2023-10-18 12:45:57,606 INFO  [main] Initializing WebDriver
2023-10-18 12:45:57,607 INFO  [main] Initializing WebDriver
2023-10-18 12:45:57,608 INFO  [main] Initializing WebDriver
2023-10-18 12:45:57,609 INFO  [main] Initializing WebDriver
2023-10-18 12:45:57,609 INFO  [main] Initializing WebDriver
2023-10-18 12:45:57,688 INFO  [main] Clicking on element home.page.sign.in.button
2023-10-18 12:45:58,436 INFO  [main] Quitting WebDriver
]]></system-out>
    <system-err><![CDATA[Oct 18, 2023 12:45:55 PM org.openqa.selenium.devtools.CdpVersionFinder findNearestMatch
WARNING: Unable to find an exact match for CDP version 118, so returning the closest version found: 115
]]></system-err>
  </testcase>
  <testcase name="anonymousUserRegisterFormDisplayWhenRegisterButtonClickedTest" classname="ui.socialnetwork.tests.HomePageTests" time="7.23">
    <system-out><![CDATA[2023-10-18 12:45:59,062 INFO  [main] Initializing WebDriver
2023-10-18 12:46:03,920 INFO  [main] Initializing WebDriver
2023-10-18 12:46:03,921 INFO  [main] Initializing WebDriver
2023-10-18 12:46:03,921 INFO  [main] Initializing WebDriver
2023-10-18 12:46:03,921 INFO  [main] Initializing WebDriver
2023-10-18 12:46:03,922 INFO  [main] Initializing WebDriver
2023-10-18 12:46:03,924 INFO  [main] Initializing WebDriver
2023-10-18 12:46:03,925 INFO  [main] Initializing WebDriver
2023-10-18 12:46:04,046 INFO  [main] Clicking on element register.button
2023-10-18 12:46:05,715 INFO  [main] Quitting WebDriver
]]></system-out>
    <system-err><![CDATA[Oct 18, 2023 12:46:01 PM org.openqa.selenium.devtools.CdpVersionFinder findNearestMatch
WARNING: Unable to find an exact match for CDP version 118, so returning the closest version found: 115
]]></system-err>
  </testcase>
  <testcase name="anonymousUserWeAreButtonNavigatesHomePageTest" classname="ui.socialnetwork.tests.HomePageTests" time="8.314">
    <system-out><![CDATA[2023-10-18 12:46:06,294 INFO  [main] Initializing WebDriver
2023-10-18 12:46:10,609 INFO  [main] Initializing WebDriver
2023-10-18 12:46:10,609 INFO  [main] Initializing WebDriver
2023-10-18 12:46:10,609 INFO  [main] Initializing WebDriver
2023-10-18 12:46:10,609 INFO  [main] Initializing WebDriver
2023-10-18 12:46:10,609 INFO  [main] Initializing WebDriver
2023-10-18 12:46:10,610 INFO  [main] Initializing WebDriver
2023-10-18 12:46:10,610 INFO  [main] Initializing WebDriver
2023-10-18 12:46:10,706 INFO  [main] Clicking on element home.page.about.us
2023-10-18 12:46:12,176 INFO  [main] Clicking on element nav.bar.brand
2023-10-18 12:46:14,224 INFO  [main] Quitting WebDriver
]]></system-out>
    <system-err><![CDATA[Oct 18, 2023 12:46:08 PM org.openqa.selenium.devtools.CdpVersionFinder findNearestMatch
WARNING: Unable to find an exact match for CDP version 118, so returning the closest version found: 115
Oct 18, 2023 12:46:14 PM pages.wearesocialnetwork.HomePage validateHomePageHeader
INFO: Scroll up action is successful 'The Easiest Way to Hack the Crisis' header is visible.
]]></system-err>
  </testcase>
  <testcase name="anonymousUserLatestPostsDisplayWhenLatestPostButtonClickedTest" classname="ui.socialnetwork.tests.HomePageTests" time="106.861">
    <system-out><![CDATA[2023-10-18 12:46:14,608 INFO  [main] Initializing WebDriver
2023-10-18 12:46:18,485 INFO  [main] Initializing WebDriver
2023-10-18 12:46:18,486 INFO  [main] Initializing WebDriver
2023-10-18 12:46:18,486 INFO  [main] Initializing WebDriver
2023-10-18 12:46:18,486 INFO  [main] Initializing WebDriver
2023-10-18 12:46:18,486 INFO  [main] Initializing WebDriver
2023-10-18 12:46:18,487 INFO  [main] Initializing WebDriver
2023-10-18 12:46:18,487 INFO  [main] Initializing WebDriver
2023-10-18 12:46:18,591 INFO  [main] Clicking on element home.page.latest.post.button
2023-10-18 12:48:00,963 INFO  [main] Quitting WebDriver
]]></system-out>
    <system-err><![CDATA[Oct 18, 2023 12:46:16 PM org.openqa.selenium.devtools.CdpVersionFinder findNearestMatch
WARNING: Unable to find an exact match for CDP version 118, so returning the closest version found: 115
]]></system-err>
  </testcase>
  <testcase name="anonymousUserShowUsersByProfessionWhenSearchByProfessionTest" classname="ui.socialnetwork.tests.HomePageTests" time="24.195">
    <failure message="Element with user.search.result.profession.field isn&apos;t visible. ==&gt; expected: &lt;true&gt; but was: &lt;false&gt;" type="org.opentest4j.AssertionFailedError"><![CDATA[org.opentest4j.AssertionFailedError: Element with user.search.result.profession.field isn't visible. ==> expected: <true> but was: <false>
	at org.junit.jupiter.api.AssertionFailureBuilder.build(AssertionFailureBuilder.java:151)
	at org.junit.jupiter.api.AssertionFailureBuilder.buildAndThrow(AssertionFailureBuilder.java:132)
	at org.junit.jupiter.api.AssertTrue.failNotTrue(AssertTrue.java:63)
	at org.junit.jupiter.api.AssertTrue.assertTrue(AssertTrue.java:36)
	at org.junit.jupiter.api.Assertions.assertTrue(Assertions.java:210)
	at com.telerikacademy.testframework.UserActions.assertElementVisible(UserActions.java:221)
	at pages.wearesocialnetwork.HomePage.validateUserSearchByProfession(HomePage.java:126)
	at ui.socialnetwork.tests.HomePageTests.anonymousUserShowUsersByProfessionWhenSearchByProfessionTest(HomePageTests.java:86)
	at java.base/java.lang.reflect.Method.invoke(Method.java:566)
	at java.base/java.util.ArrayList.forEach(ArrayList.java:1541)
	at java.base/java.util.ArrayList.forEach(ArrayList.java:1541)
]]></failure>
    <system-out><![CDATA[2023-10-18 12:48:01,471 INFO  [main] Initializing WebDriver
2023-10-18 12:48:06,129 INFO  [main] Initializing WebDriver
2023-10-18 12:48:06,130 INFO  [main] Initializing WebDriver
2023-10-18 12:48:06,131 INFO  [main] Initializing WebDriver
2023-10-18 12:48:06,131 INFO  [main] Initializing WebDriver
2023-10-18 12:48:06,131 INFO  [main] Initializing WebDriver
2023-10-18 12:48:06,131 INFO  [main] Initializing WebDriver
2023-10-18 12:48:06,132 INFO  [main] Initializing WebDriver
2023-10-18 12:48:08,074 INFO  [main] Clicking on element user.search.button
2023-10-18 12:48:24,973 INFO  [main] Quitting WebDriver
]]></system-out>
    <system-err><![CDATA[Oct 18, 2023 12:48:03 PM org.openqa.selenium.devtools.CdpVersionFinder findNearestMatch
WARNING: Unable to find an exact match for CDP version 118, so returning the closest version found: 115
]]></system-err>
  </testcase>
  <testcase name="anonymousUserHomePageAccessAndLinksVisibilityTest" classname="ui.socialnetwork.tests.HomePageTests" time="4.636">
    <system-out><![CDATA[2023-10-18 12:48:25,666 INFO  [main] Initializing WebDriver
2023-10-18 12:48:29,608 INFO  [main] Initializing WebDriver
2023-10-18 12:48:29,608 INFO  [main] Initializing WebDriver
2023-10-18 12:48:29,608 INFO  [main] Initializing WebDriver
2023-10-18 12:48:29,608 INFO  [main] Initializing WebDriver
2023-10-18 12:48:29,608 INFO  [main] Initializing WebDriver
2023-10-18 12:48:29,608 INFO  [main] Initializing WebDriver
2023-10-18 12:48:29,608 INFO  [main] Initializing WebDriver
2023-10-18 12:48:29,848 INFO  [main] Quitting WebDriver
]]></system-out>
    <system-err><![CDATA[Oct 18, 2023 12:48:27 PM org.openqa.selenium.devtools.CdpVersionFinder findNearestMatch
WARNING: Unable to find an exact match for CDP version 118, so returning the closest version found: 115
Oct 18, 2023 12:48:29 PM pages.wearesocialnetwork.HomePage validateAnonymousUserHomePageAccessAndLinksVisibility
INFO: HomePage successfully accessed without authentication with visibility of header and page links.
]]></system-err>
  </testcase>
</testsuite>