<?xml version="1.0" encoding="UTF-8"?>
<testsuite xmlns:xsi="http://www.w3.org/2001/XMLSchema-instance" xsi:noNamespaceSchemaLocation="https://maven.apache.org/surefire/maven-surefire-plugin/xsd/surefire-test-report-3.0.xsd" version="3.0" name="ui.socialnetwork.tests.ConnectionTests" time="143.064" tests="3" errors="0" skipped="0" failures="0">
  <properties>
[...]
</properties>
  <testcase name="approveAlreadySentConnectionRequestTest" classname="ui.socialnetwork.tests.ConnectionTests" time="46.428">
    <system-out><![CDATA[2023-10-18 12:42:59,815 INFO  [main] Initializing WebDriver
2023-10-18 12:43:02,763 INFO  [main] Initializing WebDriver
2023-10-18 12:43:02,764 INFO  [main] Initializing WebDriver
2023-10-18 12:43:02,767 INFO  [main] Initializing WebDriver
2023-10-18 12:43:02,767 INFO  [main] Initializing WebDriver
2023-10-18 12:43:02,767 INFO  [main] Initializing WebDriver
2023-10-18 12:43:02,769 INFO  [main] Initializing WebDriver
2023-10-18 12:43:02,769 INFO  [main] Initializing WebDriver
2023-10-18 12:43:05,175 INFO  [main] Clicking on element register.page.submitButton
2023-10-18 12:43:07,548 INFO  [main] Clicking on element login.submit.button
2023-10-18 12:43:09,398 INFO  [main] Clicking on element profile.personal.page.button
2023-10-18 12:43:11,201 INFO  [main] Clicking on element profile.editProfile.page.button
2023-10-18 12:43:13,595 INFO  [main] Clicking on element profile.update.personal.profile.button
2023-10-18 12:43:22,455 INFO  [main] Clicking on element profile.back.to.profile
2023-10-18 12:43:24,064 INFO  [main] Clicking on element logout.button
2023-10-18 12:43:26,329 INFO  [main] Clicking on element register.page.submitButton
2023-10-18 12:43:28,781 INFO  [main] Clicking on element login.submit.button
2023-10-18 12:43:30,995 INFO  [main] Clicking on element user.search.button
2023-10-18 12:43:32,130 INFO  [main] Clicking on element see.profile.button
2023-10-18 12:43:34,040 INFO  [main] Clicking on element send.connection.button
2023-10-18 12:43:36,610 INFO  [main] Clicking on element logout.button
2023-10-18 12:43:38,042 INFO  [main] Clicking on element login.submit.button
2023-10-18 12:43:40,002 INFO  [main] Clicking on element profile.personal.page.button
2023-10-18 12:43:41,889 INFO  [main] Clicking on element see.new.connection.requests.button
2023-10-18 12:43:43,393 INFO  [main] Clicking on element approve.connection.request.button
2023-10-18 12:43:45,615 INFO  [main] Quitting WebDriver
]]></system-out>
    <system-err><![CDATA[Oct 18, 2023 12:43:01 PM org.openqa.selenium.devtools.CdpVersionFinder findNearestMatch
WARNING: Unable to find an exact match for CDP version 118, so returning the closest version found: 115
Oct 18, 2023 12:43:45 PM pages.wearesocialnetwork.PersonalProfilePage validateReceivedConnectionRequestApproved
INFO: Username with null, and password with null, sent connection request.
Oct 18, 2023 12:43:45 PM pages.wearesocialnetwork.PersonalProfilePage validateReceivedConnectionRequestApproved
INFO: User with username null, and password null, approved connection request of user null
]]></system-err>
  </testcase>
  <testcase name="sendingConnectionRequestToAnotherUserTest" classname="ui.socialnetwork.tests.ConnectionTests" time="39.683">
    <system-out><![CDATA[2023-10-18 12:43:46,244 INFO  [main] Initializing WebDriver
2023-10-18 12:43:51,562 INFO  [main] Initializing WebDriver
2023-10-18 12:43:51,562 INFO  [main] Initializing WebDriver
2023-10-18 12:43:51,562 INFO  [main] Initializing WebDriver
2023-10-18 12:43:51,563 INFO  [main] Initializing WebDriver
2023-10-18 12:43:51,563 INFO  [main] Initializing WebDriver
2023-10-18 12:43:51,563 INFO  [main] Initializing WebDriver
2023-10-18 12:43:51,564 INFO  [main] Initializing WebDriver
2023-10-18 12:43:53,614 INFO  [main] Clicking on element register.page.submitButton
2023-10-18 12:43:56,121 INFO  [main] Clicking on element login.submit.button
2023-10-18 12:43:57,997 INFO  [main] Clicking on element profile.personal.page.button
2023-10-18 12:43:59,735 INFO  [main] Clicking on element profile.editProfile.page.button
2023-10-18 12:44:02,232 INFO  [main] Clicking on element profile.update.personal.profile.button
2023-10-18 12:44:11,138 INFO  [main] Clicking on element profile.back.to.profile
2023-10-18 12:44:12,892 INFO  [main] Clicking on element logout.button
2023-10-18 12:44:15,060 INFO  [main] Clicking on element register.page.submitButton
2023-10-18 12:44:17,337 INFO  [main] Clicking on element login.submit.button
2023-10-18 12:44:19,418 INFO  [main] Clicking on element user.search.button
2023-10-18 12:44:20,599 INFO  [main] Clicking on element see.profile.button
2023-10-18 12:44:22,435 INFO  [main] Clicking on element send.connection.button
2023-10-18 12:44:25,506 INFO  [main] Quitting WebDriver
]]></system-out>
    <system-err><![CDATA[Oct 18, 2023 12:43:49 PM org.openqa.selenium.devtools.CdpVersionFinder findNearestMatch
WARNING: Unable to find an exact match for CDP version 118, so returning the closest version found: 115
Oct 18, 2023 12:44:25 PM pages.wearesocialnetwork.HomePage verifySuccessfulConnectionRequestMessage
INFO: Username with null, and password with null, sent connection request.
Oct 18, 2023 12:44:25 PM pages.wearesocialnetwork.HomePage verifySuccessfulConnectionRequestMessage
INFO: Username with null, and password with null, received connection request.
]]></system-err>
  </testcase>
  <testcase name="disconnectFromAlreadyConnectedUserTest" classname="ui.socialnetwork.tests.ConnectionTests" time="56.949">
    <system-out><![CDATA[2023-10-18 12:44:25,928 INFO  [main] Initializing WebDriver
2023-10-18 12:44:30,037 INFO  [main] Initializing WebDriver
2023-10-18 12:44:30,037 INFO  [main] Initializing WebDriver
2023-10-18 12:44:30,038 INFO  [main] Initializing WebDriver
2023-10-18 12:44:30,038 INFO  [main] Initializing WebDriver
2023-10-18 12:44:30,038 INFO  [main] Initializing WebDriver
2023-10-18 12:44:30,039 INFO  [main] Initializing WebDriver
2023-10-18 12:44:30,039 INFO  [main] Initializing WebDriver
2023-10-18 12:44:32,268 INFO  [main] Clicking on element register.page.submitButton
2023-10-18 12:44:34,655 INFO  [main] Clicking on element login.submit.button
2023-10-18 12:44:36,498 INFO  [main] Clicking on element profile.personal.page.button
2023-10-18 12:44:38,331 INFO  [main] Clicking on element profile.editProfile.page.button
2023-10-18 12:44:40,986 INFO  [main] Clicking on element profile.update.personal.profile.button
2023-10-18 12:44:49,661 INFO  [main] Clicking on element profile.back.to.profile
2023-10-18 12:44:51,370 INFO  [main] Clicking on element logout.button
2023-10-18 12:44:53,559 INFO  [main] Clicking on element register.page.submitButton
2023-10-18 12:44:55,865 INFO  [main] Clicking on element login.submit.button
2023-10-18 12:44:57,901 INFO  [main] Clicking on element user.search.button
2023-10-18 12:44:59,047 INFO  [main] Clicking on element see.profile.button
2023-10-18 12:45:00,975 INFO  [main] Clicking on element send.connection.button
2023-10-18 12:45:03,704 INFO  [main] Clicking on element logout.button
2023-10-18 12:45:05,137 INFO  [main] Clicking on element login.submit.button
2023-10-18 12:45:07,013 INFO  [main] Clicking on element profile.personal.page.button
2023-10-18 12:45:08,854 INFO  [main] Clicking on element see.new.connection.requests.button
2023-10-18 12:45:10,321 INFO  [main] Clicking on element approve.connection.request.button
2023-10-18 12:45:12,224 INFO  [main] Clicking on element logout.button
2023-10-18 12:45:13,664 INFO  [main] Clicking on element login.submit.button
2023-10-18 12:45:16,073 INFO  [main] Clicking on element user.search.button
2023-10-18 12:45:17,744 INFO  [main] Clicking on element see.profile.button
2023-10-18 12:45:19,687 INFO  [main] Clicking on element user.disconnect.button
2023-10-18 12:45:22,404 INFO  [main] Quitting WebDriver
]]></system-out>
    <system-err><![CDATA[Oct 18, 2023 12:44:27 PM org.openqa.selenium.devtools.CdpVersionFinder findNearestMatch
WARNING: Unable to find an exact match for CDP version 118, so returning the closest version found: 115
Oct 18, 2023 12:45:22 PM pages.wearesocialnetwork.HomePage validateDisconnectionFromAlreadyConnectedUser
INFO: User with username null, and password null, approved connection request of user null
Oct 18, 2023 12:45:22 PM pages.wearesocialnetwork.HomePage validateDisconnectionFromAlreadyConnectedUser
INFO: User with username null, and password with null, disconnected from the user with username null.
]]></system-err>
  </testcase>
</testsuite>