-------------------------------------------------------------------------------
Test set: ui.socialnetwork.tests.AdminUserTests
-------------------------------------------------------------------------------
Tests run: 13, Failures: 1, Errors: 0, Skipped: 0, Time elapsed: 714.657 s <<< FAILURE! - in ui.socialnetwork.tests.AdminUserTests
ui.socialnetwork.tests.AdminUserTests.adminUserCreateCommentUnderThePostTests  Time elapsed: 43.083 s  <<< FAILURE!
org.opentest4j.AssertionFailedError: Element with comment.content isn't visible. ==> expected: <true> but was: <false>
	at org.junit.jupiter.api.AssertionFailureBuilder.build(AssertionFailureBuilder.java:151)
	at org.junit.jupiter.api.AssertionFailureBuilder.buildAndThrow(AssertionFailureBuilder.java:132)
	at org.junit.jupiter.api.AssertTrue.failNotTrue(AssertTrue.java:63)
	at org.junit.jupiter.api.AssertTrue.assertTrue(AssertTrue.java:36)
	at org.junit.jupiter.api.Assertions.assertTrue(Assertions.java:210)
	at com.telerikacademy.testframework.UserActions.assertElementVisible(UserActions.java:221)
	at pages.wearesocialnetwork.CommentPage.validateCommentCreatedWithText(CommentPage.java:117)
	at ui.socialnetwork.tests.AdminUserTests.adminUserCreateCommentUnderThePostTests(AdminUserTests.java:119)
	at java.base/java.lang.reflect.Method.invoke(Method.java:566)
	at java.base/java.util.ArrayList.forEach(ArrayList.java:1541)
	at java.base/java.util.ArrayList.forEach(ArrayList.java:1541)

